Arguments: 
  /Users/decagon/.nvm/versions/node/v17.3.0/bin/node /usr/local/Cellar/yarn/1.22.17_2/libexec/bin/yarn.js

PATH: 
  /Users/decagon/.nvm/versions/node/v17.3.0/bin:/Library/Frameworks/Python.framework/Versions/3.10/bin:/usr/local/bin:/usr/bin:/bin:/usr/sbin:/sbin:/Library/Apple/usr/bin:/Users/decagon/.zsh/misc:/Users/decagon/.nvm/versions/node/v17.3.0/bin:/Library/Frameworks/Python.framework/Versions/3.10/bin

Yarn version: 
  1.22.17

Node version: 
  17.3.0

Platform: 
  darwin x64

Trace: 
  Error: read ECONNRESET
      at TLSWrap.onStreamRead (node:internal/stream_base_commons:217:20)

npm manifest: 
  {
    "name": "projects",
    "version": "1.0.0",
    "description": "",
    "main": "app.js",
    "scripts": {
      "start": "DEBUG=app:log,app:db nodemon dist/bin/www.js"
    },
    "keywords": [],
    "author": "",
    "license": "ISC",
    "dependencies": {
      "@types/bcryptjs": "^2.4.2",
      "@types/debug": "^4.1.7",
      "@types/express": "^4.17.13",
      "@types/joi": "^17.2.3",
      "@types/jsonwebtoken": "^8.5.7",
      "@types/mongoose": "^5.11.97",
      "@types/morgan": "^1.9.3",
      "@types/node": "^17.0.8",
      "bcryptjs": "^2.4.3",
      "debug": "^4.3.3",
      "dotenv": "^11.0.0",
      "express": "^4.17.2",
      "joi": "^17.5.0",
      "jsonwebtoken": "^8.5.1",
      "mongoose": "^6.1.6",
      "morgan": "^1.10.0",
      "typescript": "^4.5.4"
    },
    "devDependencies": {
      "eslint": "^8.6.0",
      "eslint-config-airbnb": "^19.0.4",
      "eslint-config-prettier": "^8.3.0",
      "eslint-plugin-import": "^2.25.4",
      "eslint-plugin-jsx-a11y": "^6.5.1",
      "eslint-plugin-node": "^11.1.0",
      "eslint-plugin-prettier": "^4.0.0",
      "eslint-plugin-react": "^7.28.0",
      "nodemon": "^2.0.15",
      "prettier": "^2.5.1"
    }
  }

yarn manifest: 
  No manifest

Lockfile: 
  No lockfile
